<?xml version="1.0" encoding="utf-8"?><testsuites name="pytest tests"><testsuite name="pytest" errors="0" failures="0" skipped="0" tests="35" time="20.471" timestamp="2026-06-15T19:12:17.688138+00:00" hostname="agent-env-60e45462-1090-40bc-993c-00305c44c98d"><testcase classname="backend.tests.test_demo_mode_removal" name="test_backend_health" time="0.245" /><testcase classname="backend.tests.test_demo_mode_removal" name="test_razorpay_create_order_no_demo" time="1.378" /><testcase classname="backend.tests.test_demo_mode_removal" name="test_token_purchase_create_order_no_demo" time="2.162" /><testcase classname="backend.tests.test_demo_mode_removal" name="test_plan_checkout_create_order_no_demo" time="2.029" /><testcase classname="backend.tests.test_demo_mode_removal" name="test_verify_rejects_demo_order_prefix" time="0.468" /><testcase classname="backend.tests.test_demo_mode_removal" name="test_token_verify_rejects_demo_order_prefix" time="0.515" /><testcase classname="backend.tests.test_demo_mode_removal" name="test_plan_verify_rejects_demo_order_prefix" time="0.517" /><testcase classname="backend.tests.test_payment_routes" name="test_health" time="0.098" /><testcase classname="backend.tests.test_payment_routes" name="test_payment_requires_bearer[/api/payment/token-purchase/create-order-body0]" time="0.148" /><testcase classname="backend.tests.test_payment_routes" name="test_payment_requires_bearer[/api/payment/token-purchase/verify-body1]" time="0.098" /><testcase classname="backend.tests.test_payment_routes" name="test_payment_requires_bearer[/api/payment/plan-checkout/create-order-body2]" time="0.168" /><testcase classname="backend.tests.test_payment_routes" name="test_payment_requires_bearer[/api/payment/plan-checkout/verify-body3]" time="0.145" /><testcase classname="backend.tests.test_payment_routes" name="test_payment_rejects_invalid_token[/api/payment/token-purchase/create-order-body0]" time="0.461" /><testcase classname="backend.tests.test_payment_routes" name="test_payment_rejects_invalid_token[/api/payment/token-purchase/verify-body1]" time="0.454" /><testcase classname="backend.tests.test_payment_routes" name="test_payment_rejects_invalid_token[/api/payment/plan-checkout/create-order-body2]" time="0.457" /><testcase classname="backend.tests.test_payment_routes" name="test_payment_rejects_invalid_token[/api/payment/plan-checkout/verify-body3]" time="0.507" /><testcase classname="backend.tests.test_payment_routes.TestTokenCreateOrder" name="test_tokens_too_low" time="1.033" /><testcase classname="backend.tests.test_payment_routes.TestTokenCreateOrder" name="test_tokens_too_high" time="0.478" /><testcase classname="backend.tests.test_payment_routes.TestTokenCreateOrder" name="test_amount_below_minimum" time="0.428" /><testcase classname="backend.tests.test_payment_routes.TestTokenCreateOrder" name="test_price_mismatch" time="0.820" /><testcase classname="backend.tests.test_payment_routes.TestTokenCreateOrder" name="test_valid_create_order" time="1.899" /><testcase classname="backend.tests.test_payment_routes.TestTokenVerify" name="test_invalid_signature" time="0.488" /><testcase classname="backend.tests.test_payment_routes.TestTokenVerify" name="test_valid_signature_credits_tokens" time="2.032" /><testcase classname="backend.tests.test_payment_routes.TestTokenVerify" name="test_idempotency_already_processed" time="0.890" /><testcase classname="backend.tests.test_payment_routes.TestPlanCheckout" name="test_unknown_plan_returns_404" time="0.805" /><testcase classname="backend.tests.test_payment_routes.TestPlanCheckout" name="test_verify_invalid_signature" time="0.462" /><testcase classname="backend.tests.test_webhook_and_payment_links" name="test_webhook_rejects_missing_signature" time="0.002" /><testcase classname="backend.tests.test_webhook_and_payment_links" name="test_webhook_rejects_invalid_signature" time="0.002" /><testcase classname="backend.tests.test_webhook_and_payment_links" name="test_webhook_rejects_signature_for_different_body" time="0.001" /><testcase classname="backend.tests.test_webhook_and_payment_links" name="test_webhook_ignores_unknown_event" time="0.798" /><testcase classname="backend.tests.test_webhook_and_payment_links" name="test_webhook_payment_captured_unknown_type" time="0.001" /><testcase classname="backend.tests.test_webhook_and_payment_links" name="test_webhook_payment_captured_no_matching_purchase" time="0.391" /><testcase classname="backend.tests.test_webhook_and_payment_links" name="test_webhook_payment_link_paid_unknown_type" time="0.002" /><testcase classname="backend.tests.test_webhook_and_payment_links" name="test_token_payment_link_requires_auth" time="0.001" /><testcase classname="backend.tests.test_webhook_and_payment_links" name="test_plan_payment_link_requires_auth" time="0.002" /></testsuite></testsuites>