<?xml version="1.0" encoding="utf-8"?><testsuites name="pytest tests"><testsuite name="pytest" errors="0" failures="0" skipped="0" tests="19" time="14.373" timestamp="2026-06-14T21:03:14.511009+00:00" hostname="agent-env-60e45462-1090-40bc-993c-00305c44c98d"><testcase classname="backend.tests.test_payment_routes" name="test_health" time="0.243" /><testcase classname="backend.tests.test_payment_routes" name="test_payment_requires_bearer[/api/payment/token-purchase/create-order-body0]" time="0.104" /><testcase classname="backend.tests.test_payment_routes" name="test_payment_requires_bearer[/api/payment/token-purchase/verify-body1]" time="0.102" /><testcase classname="backend.tests.test_payment_routes" name="test_payment_requires_bearer[/api/payment/plan-checkout/create-order-body2]" time="0.118" /><testcase classname="backend.tests.test_payment_routes" name="test_payment_requires_bearer[/api/payment/plan-checkout/verify-body3]" time="0.144" /><testcase classname="backend.tests.test_payment_routes" name="test_payment_rejects_invalid_token[/api/payment/token-purchase/create-order-body0]" time="0.782" /><testcase classname="backend.tests.test_payment_routes" name="test_payment_rejects_invalid_token[/api/payment/token-purchase/verify-body1]" time="0.417" /><testcase classname="backend.tests.test_payment_routes" name="test_payment_rejects_invalid_token[/api/payment/plan-checkout/create-order-body2]" time="0.494" /><testcase classname="backend.tests.test_payment_routes" name="test_payment_rejects_invalid_token[/api/payment/plan-checkout/verify-body3]" time="0.447" /><testcase classname="backend.tests.test_payment_routes.TestTokenCreateOrder" name="test_tokens_too_low" time="1.673" /><testcase classname="backend.tests.test_payment_routes.TestTokenCreateOrder" name="test_tokens_too_high" time="0.443" /><testcase classname="backend.tests.test_payment_routes.TestTokenCreateOrder" name="test_amount_below_minimum" time="0.979" /><testcase classname="backend.tests.test_payment_routes.TestTokenCreateOrder" name="test_price_mismatch" time="1.131" /><testcase classname="backend.tests.test_payment_routes.TestTokenCreateOrder" name="test_valid_create_order" time="2.677" /><testcase classname="backend.tests.test_payment_routes.TestTokenVerify" name="test_invalid_signature" time="0.408" /><testcase classname="backend.tests.test_payment_routes.TestTokenVerify" name="test_valid_signature_credits_tokens" time="2.045" /><testcase classname="backend.tests.test_payment_routes.TestTokenVerify" name="test_idempotency_already_processed" time="0.864" /><testcase classname="backend.tests.test_payment_routes.TestPlanCheckout" name="test_unknown_plan_returns_404" time="0.779" /><testcase classname="backend.tests.test_payment_routes.TestPlanCheckout" name="test_verify_invalid_signature" time="0.452" /></testsuite></testsuites>