<?xml version="1.0" encoding="utf-8"?><testsuites name="pytest tests"><testsuite name="pytest" errors="0" failures="0" skipped="0" tests="7" time="6.965" timestamp="2026-06-12T15:26:56.960911+00:00" hostname="agent-env-877025cd-2ea7-42e2-977d-89d3005bb238"><testcase classname="backend.tests.test_demo_mode_removal" name="test_backend_health" time="0.287" /><testcase classname="backend.tests.test_demo_mode_removal" name="test_razorpay_create_order_no_demo" time="1.829" /><testcase classname="backend.tests.test_demo_mode_removal" name="test_token_purchase_create_order_no_demo" time="1.573" /><testcase classname="backend.tests.test_demo_mode_removal" name="test_plan_checkout_create_order_no_demo" time="1.113" /><testcase classname="backend.tests.test_demo_mode_removal" name="test_verify_rejects_demo_order_prefix" time="0.485" /><testcase classname="backend.tests.test_demo_mode_removal" name="test_token_verify_rejects_demo_order_prefix" time="1.104" /><testcase classname="backend.tests.test_demo_mode_removal" name="test_plan_verify_rejects_demo_order_prefix" time="0.496" /></testsuite></testsuites>